<?xml version="1.0" encoding="UTF-8"?>
<!-- Generated by org.testng.reporters.JUnitReportReporter -->
<testsuite hostname="DESKTOP-383AQQU" failures="0" tests="1" name="com.assignment.TC.TestCase" time="61.785" errors="0" timestamp="2024-08-23T00:48:50 IST" skipped="0">
  <testcase classname="com.assignment.TC.TestCase" name="LoginTest" time="61.785"/>
  <system-out/>
</testsuite> <!-- com.assignment.TC.TestCase -->
